[1117/172547.013:INFO:CONSOLE(33)] "Synchronous XMLHttpRequest on the main thread is deprecated because of its detrimental effects to the end user's experience. For more help, check https://xhr.spec.whatwg.org/.", source: http://ibotcluster.online.uairobot.com/manager/commons/scripts/commons.js (33)
[1117/172558.037:INFO:CONSOLE(33)] "Synchronous XMLHttpRequest on the main thread is deprecated because of its detrimental effects to the end user's experience. For more help, check https://xhr.spec.whatwg.org/.", source: http://ibotcluster.online.uairobot.com/manager/commons/scripts/commons.js (33)
[1117/172601.420:ERROR:browser_process_sub_thread.cc(221)] Waited 12 ms for network service
[1117/172703.801:INFO:CONSOLE(33)] "Synchronous XMLHttpRequest on the main thread is deprecated because of its detrimental effects to the end user's experience. For more help, check https://xhr.spec.whatwg.org/.", source: http://ibotcluster.online.uairobot.com/manager/commons/scripts/commons.js (33)
[1117/172711.853:ERROR:browser_process_sub_thread.cc(221)] Waited 35 ms for network service
[1117/172717.286:INFO:CONSOLE(33)] "Synchronous XMLHttpRequest on the main thread is deprecated because of its detrimental effects to the end user's experience. For more help, check https://xhr.spec.whatwg.org/.", source: http://ibotcluster.online.uairobot.com/manager/commons/scripts/commons.js (33)
[1117/172720.202:ERROR:browser_process_sub_thread.cc(221)] Waited 13 ms for network service
[1117/173022.031:INFO:CONSOLE(33)] "Synchronous XMLHttpRequest on the main thread is deprecated because of its detrimental effects to the end user's experience. For more help, check https://xhr.spec.whatwg.org/.", source: http://ibotcluster.online.uairobot.com/manager/commons/scripts/commons.js (33)
[1117/173028.013:ERROR:browser_process_sub_thread.cc(221)] Waited 32 ms for network service
[0417/191432.152:INFO:CONSOLE(1)] "%c[Revision] f24892b08550b179fbcd40631a000edc714bf71c", source: https://hjnb.cloudstudio.net/dashboard/js/app.3ed0180d.js (1)
[0417/191432.900:INFO:CONSOLE(1)] "[Micro Frontend Framework] Initialize google ga...", source: https://assets.codehub.cn/micro-frontend/framework-8ee35e32.js (1)
[0417/191432.914:INFO:CONSOLE(1)] "[Micro Frontend Framework] Checked unsupported browser", source: https://assets.codehub.cn/micro-frontend/framework-8ee35e32.js (1)
[0417/191432.915:INFO:CONSOLE(1)] "[Micro Frontend Framework] Framework version: 83700cec6e34691102bf234c611de27dac5ae90d", source: https://assets.codehub.cn/micro-frontend/framework-8ee35e32.js (1)
[0417/191433.236:INFO:CONSOLE(1)] "[Micro Frontend Framework] Loading app:", source: https://assets.codehub.cn/micro-frontend/framework-8ee35e32.js (1)
[0417/191433.236:INFO:CONSOLE(1)] "[Micro Frontend Framework] Loading app:", source: https://assets.codehub.cn/micro-frontend/framework-8ee35e32.js (1)
[0417/191433.236:INFO:CONSOLE(1)] "[Micro Frontend Framework] Loading app:", source: https://assets.codehub.cn/micro-frontend/framework-8ee35e32.js (1)
[0417/191433.236:INFO:CONSOLE(1)] "[Micro Frontend Framework] Loading app:", source: https://assets.codehub.cn/micro-frontend/framework-8ee35e32.js (1)
[0417/191433.236:INFO:CONSOLE(1)] "[Micro Frontend Framework] Loading app:", source: https://assets.codehub.cn/micro-frontend/framework-8ee35e32.js (1)
[0417/191433.236:INFO:CONSOLE(1)] "[Micro Frontend Framework] Loading app:", source: https://assets.codehub.cn/micro-frontend/framework-8ee35e32.js (1)
[0417/191433.236:INFO:CONSOLE(1)] "[Micro Frontend Framework] Loading app:", source: https://assets.codehub.cn/micro-frontend/framework-8ee35e32.js (1)
[0417/191433.237:INFO:CONSOLE(1)] "[Micro Frontend Framework] Loading app:", source: https://assets.codehub.cn/micro-frontend/framework-8ee35e32.js (1)
[0417/191433.974:INFO:CONSOLE(1)] "[Micro Frontend Framework] Registered app", source: https://assets.codehub.cn/micro-frontend/framework-8ee35e32.js (1)
[0417/191434.493:INFO:CONSOLE(1)] "TypeError: Failed to fetch", source: https://assets.codehub.cn/micro-frontend/layout/layout-3b30cfa9.js (1)
[0417/191434.568:INFO:CONSOLE(1)] "[Micro Frontend Framework] Initialize google ga...", source: https://assets.codehub.cn/micro-frontend/framework-8ee35e32.js (1)
[0417/191434.585:INFO:CONSOLE(1)] "[Micro Frontend Framework] Checked unsupported browser", source: https://assets.codehub.cn/micro-frontend/framework-8ee35e32.js (1)
[0417/191434.586:INFO:CONSOLE(1)] "[Micro Frontend Framework] Framework version: 83700cec6e34691102bf234c611de27dac5ae90d", source: https://assets.codehub.cn/micro-frontend/framework-8ee35e32.js (1)
[0417/191434.908:INFO:CONSOLE(1)] "[Micro Frontend Framework] Loading app:", source: https://assets.codehub.cn/micro-frontend/framework-8ee35e32.js (1)
[0417/191434.908:INFO:CONSOLE(1)] "[Micro Frontend Framework] Loading app:", source: https://assets.codehub.cn/micro-frontend/framework-8ee35e32.js (1)
[0417/191434.908:INFO:CONSOLE(1)] "[Micro Frontend Framework] Loading app:", source: https://assets.codehub.cn/micro-frontend/framework-8ee35e32.js (1)
[0417/191434.909:INFO:CONSOLE(1)] "[Micro Frontend Framework] Loading app:", source: https://assets.codehub.cn/micro-frontend/framework-8ee35e32.js (1)
[0417/191434.909:INFO:CONSOLE(1)] "[Micro Frontend Framework] Loading app:", source: https://assets.codehub.cn/micro-frontend/framework-8ee35e32.js (1)
[0417/191434.909:INFO:CONSOLE(1)] "[Micro Frontend Framework] Loading app:", source: https://assets.codehub.cn/micro-frontend/framework-8ee35e32.js (1)
[0417/191434.909:INFO:CONSOLE(1)] "[Micro Frontend Framework] Loading app:", source: https://assets.codehub.cn/micro-frontend/framework-8ee35e32.js (1)
[0417/191434.909:INFO:CONSOLE(1)] "[Micro Frontend Framework] Loading app:", source: https://assets.codehub.cn/micro-frontend/framework-8ee35e32.js (1)
[0417/191435.060:INFO:CONSOLE(1)] "[Micro Frontend Framework] Registered app", source: https://assets.codehub.cn/micro-frontend/framework-8ee35e32.js (1)
[0417/191435.159:INFO:CONSOLE(0)] "Uncaught (in promise) #<Object>", source: https://hjnb.coding.net/signin?redirect=https%3A%2F%2Fhjnb.coding.net%2Foauth_authorize.html%3Fclient_id%3Dbf4383b4a9bf6710b242f49484ed7bab%26response_type%3Dcode%26scope%3Duser%26state%3D%26team%3Dhjnb%26redirect_uri%3Dhttps%3A%2F%2Fcloudstudio-oauth-callback.cloudstudio.net%2Fapi%2Fpublic%2Foauth%2Fcallback (0)
[0417/191435.164:INFO:CONSOLE(0)] "Uncaught (in promise) #<Object>", source: https://hjnb.coding.net/signin?redirect=https%3A%2F%2Fhjnb.coding.net%2Foauth_authorize.html%3Fclient_id%3Dbf4383b4a9bf6710b242f49484ed7bab%26response_type%3Dcode%26scope%3Duser%26state%3D%26team%3Dhjnb%26redirect_uri%3Dhttps%3A%2F%2Fcloudstudio-oauth-callback.cloudstudio.net%2Fapi%2Fpublic%2Foauth%2Fcallback (0)
[0417/191435.187:INFO:CONSOLE(1)] "[object Object]", source: https://assets.codehub.cn/micro-frontend/layout/layout-3b30cfa9.js (1)
[0417/191435.191:INFO:CONSOLE(0)] "Uncaught (in promise) #<Object>", source: https://hjnb.coding.net/signin?redirect=https%3A%2F%2Fhjnb.coding.net%2Foauth_authorize.html%3Fclient_id%3Dbf4383b4a9bf6710b242f49484ed7bab%26response_type%3Dcode%26scope%3Duser%26state%3D%26team%3Dhjnb%26redirect_uri%3Dhttps%3A%2F%2Fcloudstudio-oauth-callback.cloudstudio.net%2Fapi%2Fpublic%2Foauth%2Fcallback (0)
[0417/191435.402:INFO:CONSOLE(1)] "[Micro Frontend Framework] Registered app", source: https://assets.codehub.cn/micro-frontend/framework-8ee35e32.js (1)
[0417/191517.830:INFO:CONSOLE(1)] "[Micro Frontend Framework] Initialize google ga...", source: https://assets.codehub.cn/micro-frontend/framework-8ee35e32.js (1)
[0417/191517.854:INFO:CONSOLE(1)] "[Micro Frontend Framework] Checked unsupported browser", source: https://assets.codehub.cn/micro-frontend/framework-8ee35e32.js (1)
[0417/191517.854:INFO:CONSOLE(1)] "[Micro Frontend Framework] Framework version: 83700cec6e34691102bf234c611de27dac5ae90d", source: https://assets.codehub.cn/micro-frontend/framework-8ee35e32.js (1)
[0417/191518.144:INFO:CONSOLE(1)] "[Micro Frontend Framework] Loading app:", source: https://assets.codehub.cn/micro-frontend/framework-8ee35e32.js (1)
[0417/191518.144:INFO:CONSOLE(1)] "[Micro Frontend Framework] Loading app:", source: https://assets.codehub.cn/micro-frontend/framework-8ee35e32.js (1)
[0417/191518.144:INFO:CONSOLE(1)] "[Micro Frontend Framework] Loading app:", source: https://assets.codehub.cn/micro-frontend/framework-8ee35e32.js (1)
[0417/191518.145:INFO:CONSOLE(1)] "[Micro Frontend Framework] Loading app:", source: https://assets.codehub.cn/micro-frontend/framework-8ee35e32.js (1)
[0417/191518.145:INFO:CONSOLE(1)] "[Micro Frontend Framework] Loading app:", source: https://assets.codehub.cn/micro-frontend/framework-8ee35e32.js (1)
[0417/191518.145:INFO:CONSOLE(1)] "[Micro Frontend Framework] Loading app:", source: https://assets.codehub.cn/micro-frontend/framework-8ee35e32.js (1)
[0417/191518.145:INFO:CONSOLE(1)] "[Micro Frontend Framework] Loading app:", source: https://assets.codehub.cn/micro-frontend/framework-8ee35e32.js (1)
[0417/191518.145:INFO:CONSOLE(1)] "[Micro Frontend Framework] Loading app:", source: https://assets.codehub.cn/micro-frontend/framework-8ee35e32.js (1)
[0417/191518.325:INFO:CONSOLE(1)] "[Micro Frontend Framework] Registered app", source: https://assets.codehub.cn/micro-frontend/framework-8ee35e32.js (1)
[0417/191519.006:INFO:CONSOLE(1)] "App is micro mode, will use micro frontend reducer and layout", source: https://assets.codehub.cn/static-enterprise/js/index.e74eae58.chunk.js (1)
[0417/191519.893:INFO:CONSOLE(1)] "[Micro Frontend Framework] Registered app", source: https://assets.codehub.cn/micro-frontend/framework-8ee35e32.js (1)
[0417/191519.896:INFO:CONSOLE(1)] "version: 13831258881f1cbd670c2a096661516d54e2b8e1", source: https://assets.codehub.cn/static-enterprise/js/index.e74eae58.chunk.js (1)
[0417/191522.060:INFO:CONSOLE(1)] "%c[Revision] f24892b08550b179fbcd40631a000edc714bf71c", source: https://hjnb.cloudstudio.net/dashboard/js/app.3ed0180d.js (1)
[0417/191622.890:INFO:CONSOLE(3602)] "Uncaught (in promise) InvalidStateError: Failed to execute 'transaction' on 'IDBDatabase': A version change transaction is running.", source: https://hjnb.cloudstudio.net/tty/blyxae/static-757bea2c144bcfd9556691835fd238806b2355af/out/vs/workbench/workbench.web.api.js (3602)
[0417/191624.879:INFO:CONSOLE(1460)] "%c  ERR", source: https://hjnb.cloudstudio.net/tty/blyxae/static-757bea2c144bcfd9556691835fd238806b2355af/out/vs/workbench/workbench.web.api.js (1460)
[0417/191648.870:INFO:CONSOLE(343)] "Cannot write message in a disposed ProtocolWriter", source: https://hjnb.cloudstudio.net/tty/blyxae/static-757bea2c144bcfd9556691835fd238806b2355af/out/vs/workbench/workbench.web.api.js (343)
[0417/191648.871:INFO:CONSOLE(343)] "[object Object]", source: https://hjnb.cloudstudio.net/tty/blyxae/static-757bea2c144bcfd9556691835fd238806b2355af/out/vs/workbench/workbench.web.api.js (343)
[0417/191648.878:INFO:CONSOLE(343)] "Cannot write message in a disposed ProtocolWriter", source: https://hjnb.cloudstudio.net/tty/blyxae/static-757bea2c144bcfd9556691835fd238806b2355af/out/vs/workbench/workbench.web.api.js (343)
[0417/191648.878:INFO:CONSOLE(343)] "[object Object]", source: https://hjnb.cloudstudio.net/tty/blyxae/static-757bea2c144bcfd9556691835fd238806b2355af/out/vs/workbench/workbench.web.api.js (343)
[0417/191648.879:INFO:CONSOLE(343)] "Cannot write message in a disposed ProtocolWriter", source: https://hjnb.cloudstudio.net/tty/blyxae/static-757bea2c144bcfd9556691835fd238806b2355af/out/vs/workbench/workbench.web.api.js (343)
[0417/191648.879:INFO:CONSOLE(343)] "[object Object]", source: https://hjnb.cloudstudio.net/tty/blyxae/static-757bea2c144bcfd9556691835fd238806b2355af/out/vs/workbench/workbench.web.api.js (343)
[0417/191648.881:INFO:CONSOLE(343)] "Cannot write message in a disposed ProtocolWriter", source: https://hjnb.cloudstudio.net/tty/blyxae/static-757bea2c144bcfd9556691835fd238806b2355af/out/vs/workbench/workbench.web.api.js (343)
[0417/191648.881:INFO:CONSOLE(343)] "[object Object]", source: https://hjnb.cloudstudio.net/tty/blyxae/static-757bea2c144bcfd9556691835fd238806b2355af/out/vs/workbench/workbench.web.api.js (343)
[0417/191648.881:INFO:CONSOLE(343)] "Cannot write message in a disposed ProtocolWriter", source: https://hjnb.cloudstudio.net/tty/blyxae/static-757bea2c144bcfd9556691835fd238806b2355af/out/vs/workbench/workbench.web.api.js (343)
[0417/191648.881:INFO:CONSOLE(343)] "[object Object]", source: https://hjnb.cloudstudio.net/tty/blyxae/static-757bea2c144bcfd9556691835fd238806b2355af/out/vs/workbench/workbench.web.api.js (343)
[0417/191648.881:INFO:CONSOLE(343)] "Cannot write message in a disposed ProtocolWriter", source: https://hjnb.cloudstudio.net/tty/blyxae/static-757bea2c144bcfd9556691835fd238806b2355af/out/vs/workbench/workbench.web.api.js (343)
[0417/191648.881:INFO:CONSOLE(343)] "[object Object]", source: https://hjnb.cloudstudio.net/tty/blyxae/static-757bea2c144bcfd9556691835fd238806b2355af/out/vs/workbench/workbench.web.api.js (343)
[0417/191648.881:INFO:CONSOLE(343)] "Cannot write message in a disposed ProtocolWriter", source: https://hjnb.cloudstudio.net/tty/blyxae/static-757bea2c144bcfd9556691835fd238806b2355af/out/vs/workbench/workbench.web.api.js (343)
[0417/191648.881:INFO:CONSOLE(343)] "[object Object]", source: https://hjnb.cloudstudio.net/tty/blyxae/static-757bea2c144bcfd9556691835fd238806b2355af/out/vs/workbench/workbench.web.api.js (343)
[0417/191648.881:INFO:CONSOLE(343)] "Cannot write message in a disposed ProtocolWriter", source: https://hjnb.cloudstudio.net/tty/blyxae/static-757bea2c144bcfd9556691835fd238806b2355af/out/vs/workbench/workbench.web.api.js (343)
[0417/191648.881:INFO:CONSOLE(343)] "[object Object]", source: https://hjnb.cloudstudio.net/tty/blyxae/static-757bea2c144bcfd9556691835fd238806b2355af/out/vs/workbench/workbench.web.api.js (343)
[0417/191700.632:ERROR:browser_process_sub_thread.cc(221)] Waited 48 ms for network service
[0417/191858.790:INFO:CONSOLE(1)] "%c[Revision] f24892b08550b179fbcd40631a000edc714bf71c", source: https://hjnb.cloudstudio.net/dashboard/js/app.3ed0180d.js (1)
[0417/191903.750:ERROR:browser_process_sub_thread.cc(221)] Waited 42 ms for network service
[0417/192027.218:INFO:CONSOLE(1)] "%c[Revision] f24892b08550b179fbcd40631a000edc714bf71c", source: https://hjnb.cloudstudio.net/dashboard/js/app.3ed0180d.js (1)
[0417/192036.407:ERROR:browser_process_sub_thread.cc(221)] Waited 45 ms for network service
